<?xml version="1.0" encoding="UTF-8"?>
<!-- Generated by org.testng.reporters.JUnitReportReporter -->
<testsuite skipped="0" hostname="HMECL001441" name="selenium.UploadFiles" tests="1" failures="0" timestamp="20 Dec 2018 14:05:36 GMT" time="5.244" errors="0">
  <testcase name="upload" time="5.244" classname="selenium.UploadFiles"/>
</testsuite> <!-- selenium.UploadFiles -->
