<?xml version="1.0" encoding="UTF-8"?>
<!-- Generated by org.testng.reporters.JUnitReportReporter -->
<testsuite skipped="0" hostname="HMECL001441" name="selenium.HiddenElement" tests="1" failures="0" timestamp="19 Dec 2018 13:53:50 GMT" time="8.738" errors="0">
  <testcase name="hiddenelement" time="8.738" classname="selenium.HiddenElement"/>
</testsuite> <!-- selenium.HiddenElement -->
