<?xml version="1.0" encoding="UTF-8"?>
<!-- Generated by org.testng.reporters.JUnitReportReporter -->
<testsuite skipped="0" hostname="HMECL001441" name="selenium.Dropdown" tests="1" failures="0" timestamp="24 Dec 2018 05:19:09 GMT" time="22.079" errors="0">
  <testcase name="dropdowntest" time="22.079" classname="selenium.Dropdown"/>
</testsuite> <!-- selenium.Dropdown -->
