<?xml version="1.0" encoding="UTF-8"?>
<!-- Generated by org.testng.reporters.JUnitReportReporter -->
<testsuite skipped="0" hostname="HMECL001441" name="testng.errormessages" tests="1" failures="0" timestamp="18 Dec 2018 06:41:00 GMT" time="13.022" errors="0">
  <testcase name="login" time="13.022" classname="testng.errormessages"/>
</testsuite> <!-- testng.errormessages -->
