<?xml version="1.0" encoding="UTF-8"?>
<!-- Generated by org.testng.reporters.JUnitReportReporter -->
<testsuite skipped="0" hostname="HMECL001441" name="selenium.Iframes" tests="1" failures="0" timestamp="19 Dec 2018 09:19:11 GMT" time="6.685" errors="0">
  <testcase name="testframes" time="6.685" classname="selenium.Iframes"/>
</testsuite> <!-- selenium.Iframes -->
