<?xml version="1.0" encoding="UTF-8"?>
<!-- Generated by org.testng.reporters.JUnitReportReporter -->
<testsuite skipped="0" hostname="HMECL001441" name="configuration.Configurationtests" tests="1" failures="0" timestamp="24 Dec 2018 06:06:08 GMT" time="16.937" errors="0">
  <testcase name="configurationsdemo" time="16.937" classname="configuration.Configurationtests"/>
</testsuite> <!-- configuration.Configurationtests -->
