<?xml version="1.0" encoding="UTF-8"?>
<!-- Generated by org.testng.reporters.JUnitReportReporter -->
<testsuite skipped="0" hostname="HMECL001441" name="com.wordpress.Testcases.VerifyPostMessage" tests="1" failures="0" timestamp="09 Jan 2019 11:49:02 GMT" time="35.307" errors="0">
  <testcase name="verifymessagepost" time="35.307" classname="com.wordpress.Testcases.VerifyPostMessage"/>
</testsuite> <!-- com.wordpress.Testcases.VerifyPostMessage -->
