<?xml version="1.0" encoding="UTF-8"?>
<!-- Generated by org.testng.reporters.JUnitReportReporter -->
<testsuite skipped="0" hostname="HMECL001441" name="practice.Scrolltest" tests="1" failures="0" timestamp="07 Feb 2019 11:23:47 GMT" time="16.719" errors="0">
  <testcase name="scrolldemo" time="16.719" classname="practice.Scrolltest"/>
</testsuite> <!-- practice.Scrolltest -->
