<?xml version="1.0" encoding="UTF-8"?>
<!-- Generated by org.testng.reporters.JUnitReportReporter -->
<testsuite skipped="0" hostname="HMECL001441" name="practice.Scrolltest" tests="1" failures="0" timestamp="24 Dec 2018 05:20:28 GMT" time="13.257" errors="0">
  <testcase name="scrolldemo" time="13.257" classname="practice.Scrolltest"/>
</testsuite> <!-- practice.Scrolltest -->
