<?xml version="1.0" encoding="UTF-8"?>
<!-- Generated by org.testng.reporters.JUnitReportReporter -->
<testsuite skipped="0" hostname="HMECL001441" name="prashanth.DD" tests="1" failures="0" timestamp="07 Feb 2019 15:22:16 GMT" time="9.865" errors="0">
  <testcase name="ddtest" time="9.865" classname="prashanth.DD"/>
</testsuite> <!-- prashanth.DD -->
