<?xml version="1.0" encoding="UTF-8"?>
<!-- Generated by org.testng.reporters.JUnitReportReporter -->
<testsuite skipped="0" hostname="HMECL001441" name="selenium.Mousehover" tests="1" failures="0" timestamp="19 Dec 2018 14:20:00 GMT" time="7.703" errors="0">
  <testcase name="mousehover" time="7.703" classname="selenium.Mousehover"/>
</testsuite> <!-- selenium.Mousehover -->
