<?xml version="1.0" encoding="UTF-8"?>
<!-- Generated by org.testng.reporters.JUnitReportReporter -->
<testsuite skipped="0" hostname="HMECL001441" name="configuration.Configtest" tests="1" failures="0" timestamp="24 Dec 2018 05:41:02 GMT" time="0.010" errors="0">
  <testcase name="testconfig" time="0.010" classname="configuration.Configtest"/>
</testsuite> <!-- configuration.Configtest -->
