<?xml version="1.0" encoding="UTF-8"?>
<!-- Generated by org.testng.reporters.JUnitReportReporter -->
<testsuite skipped="0" hostname="HMECL001441" name="prashanth.dropdown" tests="1" failures="0" timestamp="07 Feb 2019 11:18:44 GMT" time="10.519" errors="0">
  <testcase name="validatingdropdowns" time="10.519" classname="prashanth.dropdown"/>
</testsuite> <!-- prashanth.dropdown -->
