<?xml version="1.0" encoding="UTF-8"?>
<!-- Generated by org.testng.reporters.JUnitReportReporter -->
<testsuite skipped="0" hostname="HMECL001441" name="selenium.Scroll" tests="1" failures="0" timestamp="19 Dec 2018 12:33:29 GMT" time="7.148" errors="0">
  <testcase name="scrolldemo" time="7.148" classname="selenium.Scroll"/>
</testsuite> <!-- selenium.Scroll -->
