<?xml version="1.0" encoding="UTF-8"?>
<!-- Generated by org.testng.reporters.JUnitReportReporter -->
<testsuite skipped="0" hostname="HMECL001441" name="com.wordpress.Testcases.VerifyWordpressLogin" tests="1" failures="0" timestamp="26 Dec 2018 05:50:59 GMT" time="17.138" errors="0">
  <testcase name="verifyvalidlogin" time="17.138" classname="com.wordpress.Testcases.VerifyWordpressLogin"/>
</testsuite> <!-- com.wordpress.Testcases.VerifyWordpressLogin -->
