<?xml version="1.0" encoding="UTF-8"?>
<!-- Generated by org.testng.reporters.JUnitReportReporter -->
<testsuite skipped="0" hostname="HMECL001441" name="selenium.ErrorMessage" tests="1" failures="0" timestamp="07 Feb 2019 09:47:53 GMT" time="12.587" errors="0">
  <testcase name="ErrorMessageValidations" time="12.587" classname="selenium.ErrorMessage"/>
</testsuite> <!-- selenium.ErrorMessage -->
