<?xml version="1.0" encoding="UTF-8"?>
<!-- Generated by org.testng.reporters.JUnitReportReporter -->
<testsuite skipped="0" hostname="HMECL001441" name="practice.Dropdown2" tests="1" failures="0" timestamp="23 Dec 2018 09:01:16 GMT" time="6.763" errors="0">
  <testcase name="Selectdropdown" time="6.763" classname="practice.Dropdown2"/>
</testsuite> <!-- practice.Dropdown2 -->
