<?xml version="1.0" encoding="UTF-8"?>
<!-- Generated by org.testng.reporters.JUnitReportReporter -->
<testsuite skipped="0" hostname="HMECL001441" name="capturescreenshot.screenshot" tests="1" failures="0" timestamp="19 Dec 2018 06:06:26 GMT" time="26.294" errors="0">
  <testcase name="takescreenshot" time="26.294" classname="capturescreenshot.screenshot"/>
</testsuite> <!-- capturescreenshot.screenshot -->
