<?xml version="1.0" encoding="UTF-8"?>
<!-- Generated by org.testng.reporters.JUnitReportReporter -->
<testsuite skipped="0" hostname="HMECL001441" name="selenium.Mousehover" tests="1" failures="0" timestamp="07 Feb 2019 11:28:46 GMT" time="9.169" errors="0">
  <testcase name="mousehover" time="9.169" classname="selenium.Mousehover"/>
</testsuite> <!-- selenium.Mousehover -->
